DEBUG - 2025-10-02 00:22:48 --> Session: Class initialized using 'CodeIgniter\Session\Handlers\FileHandler' driver.
DEBUG - 2025-10-02 00:23:52 --> Session: Class initialized using 'CodeIgniter\Session\Handlers\FileHandler' driver.
DEBUG - 2025-10-02 00:23:54 --> Session: Class initialized using 'CodeIgniter\Session\Handlers\FileHandler' driver.
DEBUG - 2025-10-02 00:24:50 --> Session: Class initialized using 'CodeIgniter\Session\Handlers\FileHandler' driver.
DEBUG - 2025-10-02 00:24:52 --> Session: Class initialized using 'CodeIgniter\Session\Handlers\FileHandler' driver.
DEBUG - 2025-10-02 00:36:20 --> Session: Class initialized using 'CodeIgniter\Session\Handlers\FileHandler' driver.
DEBUG - 2025-10-02 00:36:20 --> Session: Class initialized using 'CodeIgniter\Session\Handlers\FileHandler' driver.
DEBUG - 2025-10-02 00:36:22 --> Session: Class initialized using 'CodeIgniter\Session\Handlers\FileHandler' driver.
DEBUG - 2025-10-02 00:36:23 --> Session: Class initialized using 'CodeIgniter\Session\Handlers\FileHandler' driver.
DEBUG - 2025-10-02 00:36:30 --> Session: Class initialized using 'CodeIgniter\Session\Handlers\FileHandler' driver.
DEBUG - 2025-10-02 00:36:31 --> Session: Class initialized using 'CodeIgniter\Session\Handlers\FileHandler' driver.
DEBUG - 2025-10-02 00:36:36 --> Session: Class initialized using 'CodeIgniter\Session\Handlers\FileHandler' driver.
DEBUG - 2025-10-02 00:37:19 --> Session: Class initialized using 'CodeIgniter\Session\Handlers\FileHandler' driver.
CRITICAL - 2025-10-02 00:37:19 --> CodeIgniter\View\Exceptions\ViewException: Invalid file: "layouts/main.php"
[Method: GET, Route: login]
in SYSTEMPATH\Exceptions\FrameworkException.php on line 39.
 1 SYSTEMPATH\View\View.php(214): CodeIgniter\Exceptions\FrameworkException::forInvalidFile('layouts/main.php')
 2 SYSTEMPATH\View\View.php(242): CodeIgniter\View\View->render('layouts/main', [], true)
 3 SYSTEMPATH\Common.php(1167): CodeIgniter\View\View->render('auth/login', [], true)
 4 APPPATH\Controllers\Auth.php(31): view('auth/login', [...])
 5 SYSTEMPATH\CodeIgniter.php(933): App\Controllers\Auth->login()
 6 SYSTEMPATH\CodeIgniter.php(507): CodeIgniter\CodeIgniter->runController(Object(App\Controllers\Auth))
 7 SYSTEMPATH\CodeIgniter.php(354): CodeIgniter\CodeIgniter->handleRequest(null, Object(Config\Cache), false)
 8 SYSTEMPATH\Boot.php(363): CodeIgniter\CodeIgniter->run()
 9 SYSTEMPATH\Boot.php(68): CodeIgniter\Boot::runCodeIgniter(Object(CodeIgniter\CodeIgniter))
10 FCPATH\index.php(59): CodeIgniter\Boot::bootWeb(Object(Config\Paths))
11 SYSTEMPATH\rewrite.php(44): require_once('C:\\xampp\\htdocs\\MBG_241511084_2-C_MuhammadRaihanAbubakar\\public\\index.php')
DEBUG - 2025-10-02 00:37:36 --> Session: Class initialized using 'CodeIgniter\Session\Handlers\FileHandler' driver.
DEBUG - 2025-10-02 00:37:55 --> Session: Class initialized using 'CodeIgniter\Session\Handlers\FileHandler' driver.
DEBUG - 2025-10-02 00:38:02 --> Session: Class initialized using 'CodeIgniter\Session\Handlers\FileHandler' driver.
DEBUG - 2025-10-02 00:38:03 --> Session: Class initialized using 'CodeIgniter\Session\Handlers\FileHandler' driver.
DEBUG - 2025-10-02 00:39:04 --> Session: Class initialized using 'CodeIgniter\Session\Handlers\FileHandler' driver.
DEBUG - 2025-10-02 00:39:09 --> Session: Class initialized using 'CodeIgniter\Session\Handlers\FileHandler' driver.
CRITICAL - 2025-10-02 00:39:09 --> Error: Call to undefined function App\Controllers\hitung_status_bahan()
[Method: GET, Route: bahanbaku]
in APPPATH\Controllers\BahanBaku.php on line 34.
 1 SYSTEMPATH\CodeIgniter.php(933): App\Controllers\BahanBaku->index()
 2 SYSTEMPATH\CodeIgniter.php(507): CodeIgniter\CodeIgniter->runController(Object(App\Controllers\BahanBaku))
 3 SYSTEMPATH\CodeIgniter.php(354): CodeIgniter\CodeIgniter->handleRequest(null, Object(Config\Cache), false)
 4 SYSTEMPATH\Boot.php(363): CodeIgniter\CodeIgniter->run()
 5 SYSTEMPATH\Boot.php(68): CodeIgniter\Boot::runCodeIgniter(Object(CodeIgniter\CodeIgniter))
 6 FCPATH\index.php(59): CodeIgniter\Boot::bootWeb(Object(Config\Paths))
 7 SYSTEMPATH\rewrite.php(44): require_once('C:\\xampp\\htdocs\\MBG_241511084_2-C_MuhammadRaihanAbubakar\\public\\index.php')
DEBUG - 2025-10-02 00:39:13 --> Session: Class initialized using 'CodeIgniter\Session\Handlers\FileHandler' driver.
DEBUG - 2025-10-02 00:39:14 --> Session: Class initialized using 'CodeIgniter\Session\Handlers\FileHandler' driver.
DEBUG - 2025-10-02 00:40:58 --> Session: Class initialized using 'CodeIgniter\Session\Handlers\FileHandler' driver.
DEBUG - 2025-10-02 00:48:19 --> Session: Class initialized using 'CodeIgniter\Session\Handlers\FileHandler' driver.
DEBUG - 2025-10-02 00:48:21 --> Session: Class initialized using 'CodeIgniter\Session\Handlers\FileHandler' driver.
DEBUG - 2025-10-02 00:48:22 --> Session: Class initialized using 'CodeIgniter\Session\Handlers\FileHandler' driver.
ERROR - 2025-10-02 00:48:23 --> mysqli_sql_exception: Unknown column 'updated_at' in 'field list' in C:\xampp\htdocs\MBG_241511084_2-C_MuhammadRaihanAbubakar\system\Database\MySQLi\Connection.php:327
Stack trace:
#0 C:\xampp\htdocs\MBG_241511084_2-C_MuhammadRaihanAbubakar\system\Database\MySQLi\Connection.php(327): mysqli->query('UPDATE `bahan_b...', 0)
#1 C:\xampp\htdocs\MBG_241511084_2-C_MuhammadRaihanAbubakar\system\Database\BaseConnection.php(729): CodeIgniter\Database\MySQLi\Connection->execute('UPDATE `bahan_b...')
#2 C:\xampp\htdocs\MBG_241511084_2-C_MuhammadRaihanAbubakar\system\Database\BaseConnection.php(646): CodeIgniter\Database\BaseConnection->simpleQuery('UPDATE `bahan_b...')
#3 C:\xampp\htdocs\MBG_241511084_2-C_MuhammadRaihanAbubakar\system\Database\BaseBuilder.php(2521): CodeIgniter\Database\BaseConnection->query('UPDATE `bahan_b...', Array, false)
#4 C:\xampp\htdocs\MBG_241511084_2-C_MuhammadRaihanAbubakar\system\Model.php(461): CodeIgniter\Database\BaseBuilder->update()
#5 C:\xampp\htdocs\MBG_241511084_2-C_MuhammadRaihanAbubakar\system\BaseModel.php(1025): CodeIgniter\Model->doUpdate(Array, Array)
#6 C:\xampp\htdocs\MBG_241511084_2-C_MuhammadRaihanAbubakar\system\Model.php(860): CodeIgniter\BaseModel->update(Array, Array)
#7 C:\xampp\htdocs\MBG_241511084_2-C_MuhammadRaihanAbubakar\app\Controllers\BahanBaku.php(39): CodeIgniter\Model->update('6', Array)
#8 C:\xampp\htdocs\MBG_241511084_2-C_MuhammadRaihanAbubakar\system\CodeIgniter.php(933): App\Controllers\BahanBaku->index()
#9 C:\xampp\htdocs\MBG_241511084_2-C_MuhammadRaihanAbubakar\system\CodeIgniter.php(507): CodeIgniter\CodeIgniter->runController(Object(App\Controllers\BahanBaku))
#10 C:\xampp\htdocs\MBG_241511084_2-C_MuhammadRaihanAbubakar\system\CodeIgniter.php(354): CodeIgniter\CodeIgniter->handleRequest(NULL, Object(Config\Cache), false)
#11 C:\xampp\htdocs\MBG_241511084_2-C_MuhammadRaihanAbubakar\system\Boot.php(363): CodeIgniter\CodeIgniter->run()
#12 C:\xampp\htdocs\MBG_241511084_2-C_MuhammadRaihanAbubakar\system\Boot.php(68): CodeIgniter\Boot::runCodeIgniter(Object(CodeIgniter\CodeIgniter))
#13 C:\xampp\htdocs\MBG_241511084_2-C_MuhammadRaihanAbubakar\public\index.php(59): CodeIgniter\Boot::bootWeb(Object(Config\Paths))
#14 C:\xampp\htdocs\MBG_241511084_2-C_MuhammadRaihanAbubakar\system\rewrite.php(44): require_once('C:\\xampp\\htdocs...')
#15 {main}
CRITICAL - 2025-10-02 00:48:23 --> CodeIgniter\Database\Exceptions\DatabaseException: Unknown column 'updated_at' in 'field list'
[Method: GET, Route: bahanbaku]
in SYSTEMPATH\Database\BaseConnection.php on line 684.
 1 SYSTEMPATH\Database\BaseBuilder.php(2521): CodeIgniter\Database\BaseConnection->query('UPDATE `bahan_baku` SET `status` = :status:, `updated_at` = :updated_at:
WHERE `bahan_baku`.`id` IN :bahan_baku.id:', [...], false)
 2 SYSTEMPATH\Model.php(461): CodeIgniter\Database\BaseBuilder->update()
 3 SYSTEMPATH\BaseModel.php(1025): CodeIgniter\Model->doUpdate([...], [...])
 4 SYSTEMPATH\Model.php(860): CodeIgniter\BaseModel->update([...], [...])
 5 APPPATH\Controllers\BahanBaku.php(39): CodeIgniter\Model->update('6', [...])
 6 SYSTEMPATH\CodeIgniter.php(933): App\Controllers\BahanBaku->index()
 7 SYSTEMPATH\CodeIgniter.php(507): CodeIgniter\CodeIgniter->runController(Object(App\Controllers\BahanBaku))
 8 SYSTEMPATH\CodeIgniter.php(354): CodeIgniter\CodeIgniter->handleRequest(null, Object(Config\Cache), false)
 9 SYSTEMPATH\Boot.php(363): CodeIgniter\CodeIgniter->run()
10 SYSTEMPATH\Boot.php(68): CodeIgniter\Boot::runCodeIgniter(Object(CodeIgniter\CodeIgniter))
11 FCPATH\index.php(59): CodeIgniter\Boot::bootWeb(Object(Config\Paths))
12 SYSTEMPATH\rewrite.php(44): require_once('C:\\xampp\\htdocs\\MBG_241511084_2-C_MuhammadRaihanAbubakar\\public\\index.php')
CRITICAL - 2025-10-02 00:48:23 --> [Caused by] CodeIgniter\Database\Exceptions\DatabaseException: Unknown column 'updated_at' in 'field list'
in SYSTEMPATH\Database\MySQLi\Connection.php on line 332.
 1 SYSTEMPATH\Database\BaseConnection.php(729): CodeIgniter\Database\MySQLi\Connection->execute('UPDATE `bahan_baku` SET `status` = \'kadaluarsa\', `updated_at` = \'2025-10-02 00:48:23\'
WHERE `bahan_baku`.`id` IN (\'6\')')
 2 SYSTEMPATH\Database\BaseConnection.php(646): CodeIgniter\Database\BaseConnection->simpleQuery('UPDATE `bahan_baku` SET `status` = \'kadaluarsa\', `updated_at` = \'2025-10-02 00:48:23\'
WHERE `bahan_baku`.`id` IN (\'6\')')
 3 SYSTEMPATH\Database\BaseBuilder.php(2521): CodeIgniter\Database\BaseConnection->query('UPDATE `bahan_baku` SET `status` = :status:, `updated_at` = :updated_at:
WHERE `bahan_baku`.`id` IN :bahan_baku.id:', [...], false)
 4 SYSTEMPATH\Model.php(461): CodeIgniter\Database\BaseBuilder->update()
 5 SYSTEMPATH\BaseModel.php(1025): CodeIgniter\Model->doUpdate([...], [...])
 6 SYSTEMPATH\Model.php(860): CodeIgniter\BaseModel->update([...], [...])
 7 APPPATH\Controllers\BahanBaku.php(39): CodeIgniter\Model->update('6', [...])
 8 SYSTEMPATH\CodeIgniter.php(933): App\Controllers\BahanBaku->index()
 9 SYSTEMPATH\CodeIgniter.php(507): CodeIgniter\CodeIgniter->runController(Object(App\Controllers\BahanBaku))
10 SYSTEMPATH\CodeIgniter.php(354): CodeIgniter\CodeIgniter->handleRequest(null, Object(Config\Cache), false)
11 SYSTEMPATH\Boot.php(363): CodeIgniter\CodeIgniter->run()
12 SYSTEMPATH\Boot.php(68): CodeIgniter\Boot::runCodeIgniter(Object(CodeIgniter\CodeIgniter))
13 FCPATH\index.php(59): CodeIgniter\Boot::bootWeb(Object(Config\Paths))
14 SYSTEMPATH\rewrite.php(44): require_once('C:\\xampp\\htdocs\\MBG_241511084_2-C_MuhammadRaihanAbubakar\\public\\index.php')
CRITICAL - 2025-10-02 00:48:23 --> [Caused by] mysqli_sql_exception: Unknown column 'updated_at' in 'field list'
in SYSTEMPATH\Database\MySQLi\Connection.php on line 327.
 1 SYSTEMPATH\Database\MySQLi\Connection.php(327): mysqli->query('UPDATE `bahan_baku` SET `status` = \'kadaluarsa\', `updated_at` = \'2025-10-02 00:48:23\'
WHERE `bahan_baku`.`id` IN (\'6\')', 0)
 2 SYSTEMPATH\Database\BaseConnection.php(729): CodeIgniter\Database\MySQLi\Connection->execute('UPDATE `bahan_baku` SET `status` = \'kadaluarsa\', `updated_at` = \'2025-10-02 00:48:23\'
WHERE `bahan_baku`.`id` IN (\'6\')')
 3 SYSTEMPATH\Database\BaseConnection.php(646): CodeIgniter\Database\BaseConnection->simpleQuery('UPDATE `bahan_baku` SET `status` = \'kadaluarsa\', `updated_at` = \'2025-10-02 00:48:23\'
WHERE `bahan_baku`.`id` IN (\'6\')')
 4 SYSTEMPATH\Database\BaseBuilder.php(2521): CodeIgniter\Database\BaseConnection->query('UPDATE `bahan_baku` SET `status` = :status:, `updated_at` = :updated_at:
WHERE `bahan_baku`.`id` IN :bahan_baku.id:', [...], false)
 5 SYSTEMPATH\Model.php(461): CodeIgniter\Database\BaseBuilder->update()
 6 SYSTEMPATH\BaseModel.php(1025): CodeIgniter\Model->doUpdate([...], [...])
 7 SYSTEMPATH\Model.php(860): CodeIgniter\BaseModel->update([...], [...])
 8 APPPATH\Controllers\BahanBaku.php(39): CodeIgniter\Model->update('6', [...])
 9 SYSTEMPATH\CodeIgniter.php(933): App\Controllers\BahanBaku->index()
10 SYSTEMPATH\CodeIgniter.php(507): CodeIgniter\CodeIgniter->runController(Object(App\Controllers\BahanBaku))
11 SYSTEMPATH\CodeIgniter.php(354): CodeIgniter\CodeIgniter->handleRequest(null, Object(Config\Cache), false)
12 SYSTEMPATH\Boot.php(363): CodeIgniter\CodeIgniter->run()
13 SYSTEMPATH\Boot.php(68): CodeIgniter\Boot::runCodeIgniter(Object(CodeIgniter\CodeIgniter))
14 FCPATH\index.php(59): CodeIgniter\Boot::bootWeb(Object(Config\Paths))
15 SYSTEMPATH\rewrite.php(44): require_once('C:\\xampp\\htdocs\\MBG_241511084_2-C_MuhammadRaihanAbubakar\\public\\index.php')
DEBUG - 2025-10-02 00:52:22 --> Session: Class initialized using 'CodeIgniter\Session\Handlers\FileHandler' driver.
ERROR - 2025-10-02 00:52:22 --> mysqli_sql_exception: Unknown column 'updated_at' in 'field list' in C:\xampp\htdocs\MBG_241511084_2-C_MuhammadRaihanAbubakar\system\Database\MySQLi\Connection.php:327
Stack trace:
#0 C:\xampp\htdocs\MBG_241511084_2-C_MuhammadRaihanAbubakar\system\Database\MySQLi\Connection.php(327): mysqli->query('UPDATE `bahan_b...', 0)
#1 C:\xampp\htdocs\MBG_241511084_2-C_MuhammadRaihanAbubakar\system\Database\BaseConnection.php(729): CodeIgniter\Database\MySQLi\Connection->execute('UPDATE `bahan_b...')
#2 C:\xampp\htdocs\MBG_241511084_2-C_MuhammadRaihanAbubakar\system\Database\BaseConnection.php(646): CodeIgniter\Database\BaseConnection->simpleQuery('UPDATE `bahan_b...')
#3 C:\xampp\htdocs\MBG_241511084_2-C_MuhammadRaihanAbubakar\system\Database\BaseBuilder.php(2521): CodeIgniter\Database\BaseConnection->query('UPDATE `bahan_b...', Array, false)
#4 C:\xampp\htdocs\MBG_241511084_2-C_MuhammadRaihanAbubakar\system\Model.php(461): CodeIgniter\Database\BaseBuilder->update()
#5 C:\xampp\htdocs\MBG_241511084_2-C_MuhammadRaihanAbubakar\system\BaseModel.php(1025): CodeIgniter\Model->doUpdate(Array, Array)
#6 C:\xampp\htdocs\MBG_241511084_2-C_MuhammadRaihanAbubakar\system\Model.php(860): CodeIgniter\BaseModel->update(Array, Array)
#7 C:\xampp\htdocs\MBG_241511084_2-C_MuhammadRaihanAbubakar\app\Controllers\BahanBaku.php(39): CodeIgniter\Model->update('6', Array)
#8 C:\xampp\htdocs\MBG_241511084_2-C_MuhammadRaihanAbubakar\system\CodeIgniter.php(933): App\Controllers\BahanBaku->index()
#9 C:\xampp\htdocs\MBG_241511084_2-C_MuhammadRaihanAbubakar\system\CodeIgniter.php(507): CodeIgniter\CodeIgniter->runController(Object(App\Controllers\BahanBaku))
#10 C:\xampp\htdocs\MBG_241511084_2-C_MuhammadRaihanAbubakar\system\CodeIgniter.php(354): CodeIgniter\CodeIgniter->handleRequest(NULL, Object(Config\Cache), false)
#11 C:\xampp\htdocs\MBG_241511084_2-C_MuhammadRaihanAbubakar\system\Boot.php(363): CodeIgniter\CodeIgniter->run()
#12 C:\xampp\htdocs\MBG_241511084_2-C_MuhammadRaihanAbubakar\system\Boot.php(68): CodeIgniter\Boot::runCodeIgniter(Object(CodeIgniter\CodeIgniter))
#13 C:\xampp\htdocs\MBG_241511084_2-C_MuhammadRaihanAbubakar\public\index.php(59): CodeIgniter\Boot::bootWeb(Object(Config\Paths))
#14 C:\xampp\htdocs\MBG_241511084_2-C_MuhammadRaihanAbubakar\system\rewrite.php(44): require_once('C:\\xampp\\htdocs...')
#15 {main}
CRITICAL - 2025-10-02 00:52:22 --> CodeIgniter\Database\Exceptions\DatabaseException: Unknown column 'updated_at' in 'field list'
[Method: GET, Route: bahanbaku]
in SYSTEMPATH\Database\BaseConnection.php on line 684.
 1 SYSTEMPATH\Database\BaseBuilder.php(2521): CodeIgniter\Database\BaseConnection->query('UPDATE `bahan_baku` SET `status` = :status:, `updated_at` = :updated_at:
WHERE `bahan_baku`.`id` IN :bahan_baku.id:', [...], false)
 2 SYSTEMPATH\Model.php(461): CodeIgniter\Database\BaseBuilder->update()
 3 SYSTEMPATH\BaseModel.php(1025): CodeIgniter\Model->doUpdate([...], [...])
 4 SYSTEMPATH\Model.php(860): CodeIgniter\BaseModel->update([...], [...])
 5 APPPATH\Controllers\BahanBaku.php(39): CodeIgniter\Model->update('6', [...])
 6 SYSTEMPATH\CodeIgniter.php(933): App\Controllers\BahanBaku->index()
 7 SYSTEMPATH\CodeIgniter.php(507): CodeIgniter\CodeIgniter->runController(Object(App\Controllers\BahanBaku))
 8 SYSTEMPATH\CodeIgniter.php(354): CodeIgniter\CodeIgniter->handleRequest(null, Object(Config\Cache), false)
 9 SYSTEMPATH\Boot.php(363): CodeIgniter\CodeIgniter->run()
10 SYSTEMPATH\Boot.php(68): CodeIgniter\Boot::runCodeIgniter(Object(CodeIgniter\CodeIgniter))
11 FCPATH\index.php(59): CodeIgniter\Boot::bootWeb(Object(Config\Paths))
12 SYSTEMPATH\rewrite.php(44): require_once('C:\\xampp\\htdocs\\MBG_241511084_2-C_MuhammadRaihanAbubakar\\public\\index.php')
CRITICAL - 2025-10-02 00:52:22 --> [Caused by] CodeIgniter\Database\Exceptions\DatabaseException: Unknown column 'updated_at' in 'field list'
in SYSTEMPATH\Database\MySQLi\Connection.php on line 332.
 1 SYSTEMPATH\Database\BaseConnection.php(729): CodeIgniter\Database\MySQLi\Connection->execute('UPDATE `bahan_baku` SET `status` = \'kadaluarsa\', `updated_at` = \'2025-10-02 00:52:22\'
WHERE `bahan_baku`.`id` IN (\'6\')')
 2 SYSTEMPATH\Database\BaseConnection.php(646): CodeIgniter\Database\BaseConnection->simpleQuery('UPDATE `bahan_baku` SET `status` = \'kadaluarsa\', `updated_at` = \'2025-10-02 00:52:22\'
WHERE `bahan_baku`.`id` IN (\'6\')')
 3 SYSTEMPATH\Database\BaseBuilder.php(2521): CodeIgniter\Database\BaseConnection->query('UPDATE `bahan_baku` SET `status` = :status:, `updated_at` = :updated_at:
WHERE `bahan_baku`.`id` IN :bahan_baku.id:', [...], false)
 4 SYSTEMPATH\Model.php(461): CodeIgniter\Database\BaseBuilder->update()
 5 SYSTEMPATH\BaseModel.php(1025): CodeIgniter\Model->doUpdate([...], [...])
 6 SYSTEMPATH\Model.php(860): CodeIgniter\BaseModel->update([...], [...])
 7 APPPATH\Controllers\BahanBaku.php(39): CodeIgniter\Model->update('6', [...])
 8 SYSTEMPATH\CodeIgniter.php(933): App\Controllers\BahanBaku->index()
 9 SYSTEMPATH\CodeIgniter.php(507): CodeIgniter\CodeIgniter->runController(Object(App\Controllers\BahanBaku))
10 SYSTEMPATH\CodeIgniter.php(354): CodeIgniter\CodeIgniter->handleRequest(null, Object(Config\Cache), false)
11 SYSTEMPATH\Boot.php(363): CodeIgniter\CodeIgniter->run()
12 SYSTEMPATH\Boot.php(68): CodeIgniter\Boot::runCodeIgniter(Object(CodeIgniter\CodeIgniter))
13 FCPATH\index.php(59): CodeIgniter\Boot::bootWeb(Object(Config\Paths))
14 SYSTEMPATH\rewrite.php(44): require_once('C:\\xampp\\htdocs\\MBG_241511084_2-C_MuhammadRaihanAbubakar\\public\\index.php')
CRITICAL - 2025-10-02 00:52:22 --> [Caused by] mysqli_sql_exception: Unknown column 'updated_at' in 'field list'
in SYSTEMPATH\Database\MySQLi\Connection.php on line 327.
 1 SYSTEMPATH\Database\MySQLi\Connection.php(327): mysqli->query('UPDATE `bahan_baku` SET `status` = \'kadaluarsa\', `updated_at` = \'2025-10-02 00:52:22\'
WHERE `bahan_baku`.`id` IN (\'6\')', 0)
 2 SYSTEMPATH\Database\BaseConnection.php(729): CodeIgniter\Database\MySQLi\Connection->execute('UPDATE `bahan_baku` SET `status` = \'kadaluarsa\', `updated_at` = \'2025-10-02 00:52:22\'
WHERE `bahan_baku`.`id` IN (\'6\')')
 3 SYSTEMPATH\Database\BaseConnection.php(646): CodeIgniter\Database\BaseConnection->simpleQuery('UPDATE `bahan_baku` SET `status` = \'kadaluarsa\', `updated_at` = \'2025-10-02 00:52:22\'
WHERE `bahan_baku`.`id` IN (\'6\')')
 4 SYSTEMPATH\Database\BaseBuilder.php(2521): CodeIgniter\Database\BaseConnection->query('UPDATE `bahan_baku` SET `status` = :status:, `updated_at` = :updated_at:
WHERE `bahan_baku`.`id` IN :bahan_baku.id:', [...], false)
 5 SYSTEMPATH\Model.php(461): CodeIgniter\Database\BaseBuilder->update()
 6 SYSTEMPATH\BaseModel.php(1025): CodeIgniter\Model->doUpdate([...], [...])
 7 SYSTEMPATH\Model.php(860): CodeIgniter\BaseModel->update([...], [...])
 8 APPPATH\Controllers\BahanBaku.php(39): CodeIgniter\Model->update('6', [...])
 9 SYSTEMPATH\CodeIgniter.php(933): App\Controllers\BahanBaku->index()
10 SYSTEMPATH\CodeIgniter.php(507): CodeIgniter\CodeIgniter->runController(Object(App\Controllers\BahanBaku))
11 SYSTEMPATH\CodeIgniter.php(354): CodeIgniter\CodeIgniter->handleRequest(null, Object(Config\Cache), false)
12 SYSTEMPATH\Boot.php(363): CodeIgniter\CodeIgniter->run()
13 SYSTEMPATH\Boot.php(68): CodeIgniter\Boot::runCodeIgniter(Object(CodeIgniter\CodeIgniter))
14 FCPATH\index.php(59): CodeIgniter\Boot::bootWeb(Object(Config\Paths))
15 SYSTEMPATH\rewrite.php(44): require_once('C:\\xampp\\htdocs\\MBG_241511084_2-C_MuhammadRaihanAbubakar\\public\\index.php')
DEBUG - 2025-10-02 00:52:24 --> Session: Class initialized using 'CodeIgniter\Session\Handlers\FileHandler' driver.
DEBUG - 2025-10-02 00:52:26 --> Session: Class initialized using 'CodeIgniter\Session\Handlers\FileHandler' driver.
ERROR - 2025-10-02 00:52:26 --> mysqli_sql_exception: Unknown column 'updated_at' in 'field list' in C:\xampp\htdocs\MBG_241511084_2-C_MuhammadRaihanAbubakar\system\Database\MySQLi\Connection.php:327
Stack trace:
#0 C:\xampp\htdocs\MBG_241511084_2-C_MuhammadRaihanAbubakar\system\Database\MySQLi\Connection.php(327): mysqli->query('UPDATE `bahan_b...', 0)
#1 C:\xampp\htdocs\MBG_241511084_2-C_MuhammadRaihanAbubakar\system\Database\BaseConnection.php(729): CodeIgniter\Database\MySQLi\Connection->execute('UPDATE `bahan_b...')
#2 C:\xampp\htdocs\MBG_241511084_2-C_MuhammadRaihanAbubakar\system\Database\BaseConnection.php(646): CodeIgniter\Database\BaseConnection->simpleQuery('UPDATE `bahan_b...')
#3 C:\xampp\htdocs\MBG_241511084_2-C_MuhammadRaihanAbubakar\system\Database\BaseBuilder.php(2521): CodeIgniter\Database\BaseConnection->query('UPDATE `bahan_b...', Array, false)
#4 C:\xampp\htdocs\MBG_241511084_2-C_MuhammadRaihanAbubakar\system\Model.php(461): CodeIgniter\Database\BaseBuilder->update()
#5 C:\xampp\htdocs\MBG_241511084_2-C_MuhammadRaihanAbubakar\system\BaseModel.php(1025): CodeIgniter\Model->doUpdate(Array, Array)
#6 C:\xampp\htdocs\MBG_241511084_2-C_MuhammadRaihanAbubakar\system\Model.php(860): CodeIgniter\BaseModel->update(Array, Array)
#7 C:\xampp\htdocs\MBG_241511084_2-C_MuhammadRaihanAbubakar\app\Controllers\BahanBaku.php(39): CodeIgniter\Model->update('6', Array)
#8 C:\xampp\htdocs\MBG_241511084_2-C_MuhammadRaihanAbubakar\system\CodeIgniter.php(933): App\Controllers\BahanBaku->index()
#9 C:\xampp\htdocs\MBG_241511084_2-C_MuhammadRaihanAbubakar\system\CodeIgniter.php(507): CodeIgniter\CodeIgniter->runController(Object(App\Controllers\BahanBaku))
#10 C:\xampp\htdocs\MBG_241511084_2-C_MuhammadRaihanAbubakar\system\CodeIgniter.php(354): CodeIgniter\CodeIgniter->handleRequest(NULL, Object(Config\Cache), false)
#11 C:\xampp\htdocs\MBG_241511084_2-C_MuhammadRaihanAbubakar\system\Boot.php(363): CodeIgniter\CodeIgniter->run()
#12 C:\xampp\htdocs\MBG_241511084_2-C_MuhammadRaihanAbubakar\system\Boot.php(68): CodeIgniter\Boot::runCodeIgniter(Object(CodeIgniter\CodeIgniter))
#13 C:\xampp\htdocs\MBG_241511084_2-C_MuhammadRaihanAbubakar\public\index.php(59): CodeIgniter\Boot::bootWeb(Object(Config\Paths))
#14 C:\xampp\htdocs\MBG_241511084_2-C_MuhammadRaihanAbubakar\system\rewrite.php(44): require_once('C:\\xampp\\htdocs...')
#15 {main}
CRITICAL - 2025-10-02 00:52:26 --> CodeIgniter\Database\Exceptions\DatabaseException: Unknown column 'updated_at' in 'field list'
[Method: GET, Route: bahanbaku]
in SYSTEMPATH\Database\BaseConnection.php on line 684.
 1 SYSTEMPATH\Database\BaseBuilder.php(2521): CodeIgniter\Database\BaseConnection->query('UPDATE `bahan_baku` SET `status` = :status:, `updated_at` = :updated_at:
WHERE `bahan_baku`.`id` IN :bahan_baku.id:', [...], false)
 2 SYSTEMPATH\Model.php(461): CodeIgniter\Database\BaseBuilder->update()
 3 SYSTEMPATH\BaseModel.php(1025): CodeIgniter\Model->doUpdate([...], [...])
 4 SYSTEMPATH\Model.php(860): CodeIgniter\BaseModel->update([...], [...])
 5 APPPATH\Controllers\BahanBaku.php(39): CodeIgniter\Model->update('6', [...])
 6 SYSTEMPATH\CodeIgniter.php(933): App\Controllers\BahanBaku->index()
 7 SYSTEMPATH\CodeIgniter.php(507): CodeIgniter\CodeIgniter->runController(Object(App\Controllers\BahanBaku))
 8 SYSTEMPATH\CodeIgniter.php(354): CodeIgniter\CodeIgniter->handleRequest(null, Object(Config\Cache), false)
 9 SYSTEMPATH\Boot.php(363): CodeIgniter\CodeIgniter->run()
10 SYSTEMPATH\Boot.php(68): CodeIgniter\Boot::runCodeIgniter(Object(CodeIgniter\CodeIgniter))
11 FCPATH\index.php(59): CodeIgniter\Boot::bootWeb(Object(Config\Paths))
12 SYSTEMPATH\rewrite.php(44): require_once('C:\\xampp\\htdocs\\MBG_241511084_2-C_MuhammadRaihanAbubakar\\public\\index.php')
CRITICAL - 2025-10-02 00:52:26 --> [Caused by] CodeIgniter\Database\Exceptions\DatabaseException: Unknown column 'updated_at' in 'field list'
in SYSTEMPATH\Database\MySQLi\Connection.php on line 332.
 1 SYSTEMPATH\Database\BaseConnection.php(729): CodeIgniter\Database\MySQLi\Connection->execute('UPDATE `bahan_baku` SET `status` = \'kadaluarsa\', `updated_at` = \'2025-10-02 00:52:26\'
WHERE `bahan_baku`.`id` IN (\'6\')')
 2 SYSTEMPATH\Database\BaseConnection.php(646): CodeIgniter\Database\BaseConnection->simpleQuery('UPDATE `bahan_baku` SET `status` = \'kadaluarsa\', `updated_at` = \'2025-10-02 00:52:26\'
WHERE `bahan_baku`.`id` IN (\'6\')')
 3 SYSTEMPATH\Database\BaseBuilder.php(2521): CodeIgniter\Database\BaseConnection->query('UPDATE `bahan_baku` SET `status` = :status:, `updated_at` = :updated_at:
WHERE `bahan_baku`.`id` IN :bahan_baku.id:', [...], false)
 4 SYSTEMPATH\Model.php(461): CodeIgniter\Database\BaseBuilder->update()
 5 SYSTEMPATH\BaseModel.php(1025): CodeIgniter\Model->doUpdate([...], [...])
 6 SYSTEMPATH\Model.php(860): CodeIgniter\BaseModel->update([...], [...])
 7 APPPATH\Controllers\BahanBaku.php(39): CodeIgniter\Model->update('6', [...])
 8 SYSTEMPATH\CodeIgniter.php(933): App\Controllers\BahanBaku->index()
 9 SYSTEMPATH\CodeIgniter.php(507): CodeIgniter\CodeIgniter->runController(Object(App\Controllers\BahanBaku))
10 SYSTEMPATH\CodeIgniter.php(354): CodeIgniter\CodeIgniter->handleRequest(null, Object(Config\Cache), false)
11 SYSTEMPATH\Boot.php(363): CodeIgniter\CodeIgniter->run()
12 SYSTEMPATH\Boot.php(68): CodeIgniter\Boot::runCodeIgniter(Object(CodeIgniter\CodeIgniter))
13 FCPATH\index.php(59): CodeIgniter\Boot::bootWeb(Object(Config\Paths))
14 SYSTEMPATH\rewrite.php(44): require_once('C:\\xampp\\htdocs\\MBG_241511084_2-C_MuhammadRaihanAbubakar\\public\\index.php')
CRITICAL - 2025-10-02 00:52:26 --> [Caused by] mysqli_sql_exception: Unknown column 'updated_at' in 'field list'
in SYSTEMPATH\Database\MySQLi\Connection.php on line 327.
 1 SYSTEMPATH\Database\MySQLi\Connection.php(327): mysqli->query('UPDATE `bahan_baku` SET `status` = \'kadaluarsa\', `updated_at` = \'2025-10-02 00:52:26\'
WHERE `bahan_baku`.`id` IN (\'6\')', 0)
 2 SYSTEMPATH\Database\BaseConnection.php(729): CodeIgniter\Database\MySQLi\Connection->execute('UPDATE `bahan_baku` SET `status` = \'kadaluarsa\', `updated_at` = \'2025-10-02 00:52:26\'
WHERE `bahan_baku`.`id` IN (\'6\')')
 3 SYSTEMPATH\Database\BaseConnection.php(646): CodeIgniter\Database\BaseConnection->simpleQuery('UPDATE `bahan_baku` SET `status` = \'kadaluarsa\', `updated_at` = \'2025-10-02 00:52:26\'
WHERE `bahan_baku`.`id` IN (\'6\')')
 4 SYSTEMPATH\Database\BaseBuilder.php(2521): CodeIgniter\Database\BaseConnection->query('UPDATE `bahan_baku` SET `status` = :status:, `updated_at` = :updated_at:
WHERE `bahan_baku`.`id` IN :bahan_baku.id:', [...], false)
 5 SYSTEMPATH\Model.php(461): CodeIgniter\Database\BaseBuilder->update()
 6 SYSTEMPATH\BaseModel.php(1025): CodeIgniter\Model->doUpdate([...], [...])
 7 SYSTEMPATH\Model.php(860): CodeIgniter\BaseModel->update([...], [...])
 8 APPPATH\Controllers\BahanBaku.php(39): CodeIgniter\Model->update('6', [...])
 9 SYSTEMPATH\CodeIgniter.php(933): App\Controllers\BahanBaku->index()
10 SYSTEMPATH\CodeIgniter.php(507): CodeIgniter\CodeIgniter->runController(Object(App\Controllers\BahanBaku))
11 SYSTEMPATH\CodeIgniter.php(354): CodeIgniter\CodeIgniter->handleRequest(null, Object(Config\Cache), false)
12 SYSTEMPATH\Boot.php(363): CodeIgniter\CodeIgniter->run()
13 SYSTEMPATH\Boot.php(68): CodeIgniter\Boot::runCodeIgniter(Object(CodeIgniter\CodeIgniter))
14 FCPATH\index.php(59): CodeIgniter\Boot::bootWeb(Object(Config\Paths))
15 SYSTEMPATH\rewrite.php(44): require_once('C:\\xampp\\htdocs\\MBG_241511084_2-C_MuhammadRaihanAbubakar\\public\\index.php')
DEBUG - 2025-10-02 00:53:31 --> Session: Class initialized using 'CodeIgniter\Session\Handlers\FileHandler' driver.
ERROR - 2025-10-02 00:53:31 --> mysqli_sql_exception: You have an error in your SQL syntax; check the manual that corresponds to your MariaDB server version for the right syntax to use near '= '2025-10-02 00:53:31'
WHERE `bahan_baku`.`id` IN ('6')' at line 1 in C:\xampp\htdocs\MBG_241511084_2-C_MuhammadRaihanAbubakar\system\Database\MySQLi\Connection.php:327
Stack trace:
#0 C:\xampp\htdocs\MBG_241511084_2-C_MuhammadRaihanAbubakar\system\Database\MySQLi\Connection.php(327): mysqli->query('UPDATE `bahan_b...', 0)
#1 C:\xampp\htdocs\MBG_241511084_2-C_MuhammadRaihanAbubakar\system\Database\BaseConnection.php(729): CodeIgniter\Database\MySQLi\Connection->execute('UPDATE `bahan_b...')
#2 C:\xampp\htdocs\MBG_241511084_2-C_MuhammadRaihanAbubakar\system\Database\BaseConnection.php(646): CodeIgniter\Database\BaseConnection->simpleQuery('UPDATE `bahan_b...')
#3 C:\xampp\htdocs\MBG_241511084_2-C_MuhammadRaihanAbubakar\system\Database\BaseBuilder.php(2521): CodeIgniter\Database\BaseConnection->query('UPDATE `bahan_b...', Array, false)
#4 C:\xampp\htdocs\MBG_241511084_2-C_MuhammadRaihanAbubakar\system\Model.php(461): CodeIgniter\Database\BaseBuilder->update()
#5 C:\xampp\htdocs\MBG_241511084_2-C_MuhammadRaihanAbubakar\system\BaseModel.php(1025): CodeIgniter\Model->doUpdate(Array, Array)
#6 C:\xampp\htdocs\MBG_241511084_2-C_MuhammadRaihanAbubakar\system\Model.php(860): CodeIgniter\BaseModel->update(Array, Array)
#7 C:\xampp\htdocs\MBG_241511084_2-C_MuhammadRaihanAbubakar\app\Controllers\BahanBaku.php(39): CodeIgniter\Model->update('6', Array)
#8 C:\xampp\htdocs\MBG_241511084_2-C_MuhammadRaihanAbubakar\system\CodeIgniter.php(933): App\Controllers\BahanBaku->index()
#9 C:\xampp\htdocs\MBG_241511084_2-C_MuhammadRaihanAbubakar\system\CodeIgniter.php(507): CodeIgniter\CodeIgniter->runController(Object(App\Controllers\BahanBaku))
#10 C:\xampp\htdocs\MBG_241511084_2-C_MuhammadRaihanAbubakar\system\CodeIgniter.php(354): CodeIgniter\CodeIgniter->handleRequest(NULL, Object(Config\Cache), false)
#11 C:\xampp\htdocs\MBG_241511084_2-C_MuhammadRaihanAbubakar\system\Boot.php(363): CodeIgniter\CodeIgniter->run()
#12 C:\xampp\htdocs\MBG_241511084_2-C_MuhammadRaihanAbubakar\system\Boot.php(68): CodeIgniter\Boot::runCodeIgniter(Object(CodeIgniter\CodeIgniter))
#13 C:\xampp\htdocs\MBG_241511084_2-C_MuhammadRaihanAbubakar\public\index.php(59): CodeIgniter\Boot::bootWeb(Object(Config\Paths))
#14 C:\xampp\htdocs\MBG_241511084_2-C_MuhammadRaihanAbubakar\system\rewrite.php(44): require_once('C:\\xampp\\htdocs...')
#15 {main}
CRITICAL - 2025-10-02 00:53:31 --> CodeIgniter\Database\Exceptions\DatabaseException: You have an error in your SQL syntax; check the manual that corresponds to your MariaDB server version for the right syntax to use near '= '2025-10-02 00:53:31'
WHERE `bahan_baku`.`id` IN ('6')' at line 1
[Method: GET, Route: bahanbaku]
in SYSTEMPATH\Database\BaseConnection.php on line 684.
 1 SYSTEMPATH\Database\BaseBuilder.php(2521): CodeIgniter\Database\BaseConnection->query('UPDATE `bahan_baku` SET `status` = :status:,  = ::
WHERE `bahan_baku`.`id` IN :bahan_baku.id:', [...], false)
 2 SYSTEMPATH\Model.php(461): CodeIgniter\Database\BaseBuilder->update()
 3 SYSTEMPATH\BaseModel.php(1025): CodeIgniter\Model->doUpdate([...], [...])
 4 SYSTEMPATH\Model.php(860): CodeIgniter\BaseModel->update([...], [...])
 5 APPPATH\Controllers\BahanBaku.php(39): CodeIgniter\Model->update('6', [...])
 6 SYSTEMPATH\CodeIgniter.php(933): App\Controllers\BahanBaku->index()
 7 SYSTEMPATH\CodeIgniter.php(507): CodeIgniter\CodeIgniter->runController(Object(App\Controllers\BahanBaku))
 8 SYSTEMPATH\CodeIgniter.php(354): CodeIgniter\CodeIgniter->handleRequest(null, Object(Config\Cache), false)
 9 SYSTEMPATH\Boot.php(363): CodeIgniter\CodeIgniter->run()
10 SYSTEMPATH\Boot.php(68): CodeIgniter\Boot::runCodeIgniter(Object(CodeIgniter\CodeIgniter))
11 FCPATH\index.php(59): CodeIgniter\Boot::bootWeb(Object(Config\Paths))
12 SYSTEMPATH\rewrite.php(44): require_once('C:\\xampp\\htdocs\\MBG_241511084_2-C_MuhammadRaihanAbubakar\\public\\index.php')
CRITICAL - 2025-10-02 00:53:31 --> [Caused by] CodeIgniter\Database\Exceptions\DatabaseException: You have an error in your SQL syntax; check the manual that corresponds to your MariaDB server version for the right syntax to use near '= '2025-10-02 00:53:31'
WHERE `bahan_baku`.`id` IN ('6')' at line 1
in SYSTEMPATH\Database\MySQLi\Connection.php on line 332.
 1 SYSTEMPATH\Database\BaseConnection.php(729): CodeIgniter\Database\MySQLi\Connection->execute('UPDATE `bahan_baku` SET `status` = \'kadaluarsa\',  = \'2025-10-02 00:53:31\'
WHERE `bahan_baku`.`id` IN (\'6\')')
 2 SYSTEMPATH\Database\BaseConnection.php(646): CodeIgniter\Database\BaseConnection->simpleQuery('UPDATE `bahan_baku` SET `status` = \'kadaluarsa\',  = \'2025-10-02 00:53:31\'
WHERE `bahan_baku`.`id` IN (\'6\')')
 3 SYSTEMPATH\Database\BaseBuilder.php(2521): CodeIgniter\Database\BaseConnection->query('UPDATE `bahan_baku` SET `status` = :status:,  = ::
WHERE `bahan_baku`.`id` IN :bahan_baku.id:', [...], false)
 4 SYSTEMPATH\Model.php(461): CodeIgniter\Database\BaseBuilder->update()
 5 SYSTEMPATH\BaseModel.php(1025): CodeIgniter\Model->doUpdate([...], [...])
 6 SYSTEMPATH\Model.php(860): CodeIgniter\BaseModel->update([...], [...])
 7 APPPATH\Controllers\BahanBaku.php(39): CodeIgniter\Model->update('6', [...])
 8 SYSTEMPATH\CodeIgniter.php(933): App\Controllers\BahanBaku->index()
 9 SYSTEMPATH\CodeIgniter.php(507): CodeIgniter\CodeIgniter->runController(Object(App\Controllers\BahanBaku))
10 SYSTEMPATH\CodeIgniter.php(354): CodeIgniter\CodeIgniter->handleRequest(null, Object(Config\Cache), false)
11 SYSTEMPATH\Boot.php(363): CodeIgniter\CodeIgniter->run()
12 SYSTEMPATH\Boot.php(68): CodeIgniter\Boot::runCodeIgniter(Object(CodeIgniter\CodeIgniter))
13 FCPATH\index.php(59): CodeIgniter\Boot::bootWeb(Object(Config\Paths))
14 SYSTEMPATH\rewrite.php(44): require_once('C:\\xampp\\htdocs\\MBG_241511084_2-C_MuhammadRaihanAbubakar\\public\\index.php')
CRITICAL - 2025-10-02 00:53:31 --> [Caused by] mysqli_sql_exception: You have an error in your SQL syntax; check the manual that corresponds to your MariaDB server version for the right syntax to use near '= '2025-10-02 00:53:31'
WHERE `bahan_baku`.`id` IN ('6')' at line 1
in SYSTEMPATH\Database\MySQLi\Connection.php on line 327.
 1 SYSTEMPATH\Database\MySQLi\Connection.php(327): mysqli->query('UPDATE `bahan_baku` SET `status` = \'kadaluarsa\',  = \'2025-10-02 00:53:31\'
WHERE `bahan_baku`.`id` IN (\'6\')', 0)
 2 SYSTEMPATH\Database\BaseConnection.php(729): CodeIgniter\Database\MySQLi\Connection->execute('UPDATE `bahan_baku` SET `status` = \'kadaluarsa\',  = \'2025-10-02 00:53:31\'
WHERE `bahan_baku`.`id` IN (\'6\')')
 3 SYSTEMPATH\Database\BaseConnection.php(646): CodeIgniter\Database\BaseConnection->simpleQuery('UPDATE `bahan_baku` SET `status` = \'kadaluarsa\',  = \'2025-10-02 00:53:31\'
WHERE `bahan_baku`.`id` IN (\'6\')')
 4 SYSTEMPATH\Database\BaseBuilder.php(2521): CodeIgniter\Database\BaseConnection->query('UPDATE `bahan_baku` SET `status` = :status:,  = ::
WHERE `bahan_baku`.`id` IN :bahan_baku.id:', [...], false)
 5 SYSTEMPATH\Model.php(461): CodeIgniter\Database\BaseBuilder->update()
 6 SYSTEMPATH\BaseModel.php(1025): CodeIgniter\Model->doUpdate([...], [...])
 7 SYSTEMPATH\Model.php(860): CodeIgniter\BaseModel->update([...], [...])
 8 APPPATH\Controllers\BahanBaku.php(39): CodeIgniter\Model->update('6', [...])
 9 SYSTEMPATH\CodeIgniter.php(933): App\Controllers\BahanBaku->index()
10 SYSTEMPATH\CodeIgniter.php(507): CodeIgniter\CodeIgniter->runController(Object(App\Controllers\BahanBaku))
11 SYSTEMPATH\CodeIgniter.php(354): CodeIgniter\CodeIgniter->handleRequest(null, Object(Config\Cache), false)
12 SYSTEMPATH\Boot.php(363): CodeIgniter\CodeIgniter->run()
13 SYSTEMPATH\Boot.php(68): CodeIgniter\Boot::runCodeIgniter(Object(CodeIgniter\CodeIgniter))
14 FCPATH\index.php(59): CodeIgniter\Boot::bootWeb(Object(Config\Paths))
15 SYSTEMPATH\rewrite.php(44): require_once('C:\\xampp\\htdocs\\MBG_241511084_2-C_MuhammadRaihanAbubakar\\public\\index.php')
DEBUG - 2025-10-02 00:54:21 --> Session: Class initialized using 'CodeIgniter\Session\Handlers\FileHandler' driver.
DEBUG - 2025-10-02 00:54:34 --> Session: Class initialized using 'CodeIgniter\Session\Handlers\FileHandler' driver.
DEBUG - 2025-10-02 00:54:38 --> Session: Class initialized using 'CodeIgniter\Session\Handlers\FileHandler' driver.
DEBUG - 2025-10-02 00:54:41 --> Session: Class initialized using 'CodeIgniter\Session\Handlers\FileHandler' driver.
DEBUG - 2025-10-02 00:55:23 --> Session: Class initialized using 'CodeIgniter\Session\Handlers\FileHandler' driver.
